<?xml version="1.0" encoding="UTF-8"?>
<testsuite name="com.sshinohs.stock.ml.web.IndexControllerTest" tests="1" skipped="0" failures="0" errors="0" timestamp="2022-03-12T05:43:16" hostname="Seongyuns-MacBook-Air.local" time="0.046">
  <properties/>
  <testcase name="메인페이지_로딩()" classname="com.sshinohs.stock.ml.web.IndexControllerTest" time="0.046"/>
  <system-out><![CDATA[2022-03-12 14:43:16.743  INFO 85578 --- [    Test worker] .b.t.c.SpringBootTestContextBootstrapper : Neither @ContextConfiguration nor @ContextHierarchy found for test class [com.sshinohs.stock.ml.web.IndexControllerTest], using SpringBootContextLoader
2022-03-12 14:43:16.744  INFO 85578 --- [    Test worker] o.s.t.c.support.AbstractContextLoader    : Could not detect default resource locations for test class [com.sshinohs.stock.ml.web.IndexControllerTest]: no resource found for suffixes {-context.xml, Context.groovy}.
2022-03-12 14:43:16.748  INFO 85578 --- [    Test worker] t.c.s.AnnotationConfigContextLoaderUtils : Could not detect default configuration classes for test class [com.sshinohs.stock.ml.web.IndexControllerTest]: IndexControllerTest does not declare any static, non-private, non-final, nested classes annotated with @Configuration.
2022-03-12 14:43:16.749  INFO 85578 --- [    Test worker] .b.t.c.SpringBootTestContextBootstrapper : Found @SpringBootConfiguration com.sshinohs.stock.ml.Application for test class com.sshinohs.stock.ml.web.IndexControllerTest
2022-03-12 14:43:16.749  INFO 85578 --- [    Test worker] .b.t.c.SpringBootTestContextBootstrapper : Loaded default TestExecutionListener class names from location [META-INF/spring.factories]: [org.springframework.security.test.context.support.WithSecurityContextTestExecutionListener, org.springframework.security.test.context.support.ReactorContextTestExecutionListener, org.springframework.boot.test.autoconfigure.restdocs.RestDocsTestExecutionListener, org.springframework.boot.test.autoconfigure.web.client.MockRestServiceServerResetTestExecutionListener, org.springframework.boot.test.autoconfigure.web.servlet.MockMvcPrintOnlyOnFailureTestExecutionListener, org.springframework.boot.test.autoconfigure.web.servlet.WebDriverTestExecutionListener, org.springframework.boot.test.autoconfigure.webservices.client.MockWebServiceServerTestExecutionListener, org.springframework.boot.test.mock.mockito.MockitoTestExecutionListener, org.springframework.boot.test.mock.mockito.ResetMocksTestExecutionListener, org.springframework.test.context.web.ServletTestExecutionListener, org.springframework.test.context.support.DirtiesContextBeforeModesTestExecutionListener, org.springframework.test.context.support.DependencyInjectionTestExecutionListener, org.springframework.test.context.support.DirtiesContextTestExecutionListener, org.springframework.test.context.transaction.TransactionalTestExecutionListener, org.springframework.test.context.jdbc.SqlScriptsTestExecutionListener, org.springframework.test.context.event.EventPublishingTestExecutionListener]
2022-03-12 14:43:16.750  INFO 85578 --- [    Test worker] .b.t.c.SpringBootTestContextBootstrapper : Using TestExecutionListeners: [org.springframework.test.context.web.ServletTestExecutionListener@3d2fee4b, org.springframework.test.context.support.DirtiesContextBeforeModesTestExecutionListener@490f086d, org.springframework.boot.test.mock.mockito.MockitoTestExecutionListener@6ceed0bb, org.springframework.boot.test.autoconfigure.SpringBootDependencyInjectionTestExecutionListener@2e17606f, org.springframework.test.context.support.DirtiesContextTestExecutionListener@6c088e50, org.springframework.test.context.transaction.TransactionalTestExecutionListener@5df5afdc, org.springframework.test.context.jdbc.SqlScriptsTestExecutionListener@4704d7d1, org.springframework.security.test.context.support.WithSecurityContextTestExecutionListener@5285d346, org.springframework.test.context.event.EventPublishingTestExecutionListener@7ad7bd48, org.springframework.security.test.context.support.ReactorContextTestExecutionListener@a2c6681, org.springframework.boot.test.autoconfigure.restdocs.RestDocsTestExecutionListener@6bf7924a, org.springframework.boot.test.autoconfigure.web.client.MockRestServiceServerResetTestExecutionListener@17147391, org.springframework.boot.test.autoconfigure.web.servlet.MockMvcPrintOnlyOnFailureTestExecutionListener@506eb1c6, org.springframework.boot.test.autoconfigure.web.servlet.WebDriverTestExecutionListener@399fcd24, org.springframework.boot.test.autoconfigure.webservices.client.MockWebServiceServerTestExecutionListener@6ead7d9f, org.springframework.boot.test.mock.mockito.ResetMocksTestExecutionListener@5a911320]
Hibernate: select posts0_.id as id1_0_, posts0_.created_date as created_2_0_, posts0_.modified_date as modified3_0_, posts0_.author as author4_0_, posts0_.content as content5_0_, posts0_.title as title6_0_ from posts posts0_ order by posts0_.id DESC
]]></system-out>
  <system-err><![CDATA[]]></system-err>
</testsuite>
