<?xml version="1.0" encoding="UTF-8"?>
<testsuite name="com.sshinohs.stock.ml.web.IndexControllerTest" tests="1" skipped="0" failures="0" errors="0" timestamp="2022-03-12T05:51:08" hostname="Seongyuns-MacBook-Air.local" time="0.054">
  <properties/>
  <testcase name="메인페이지_로딩()" classname="com.sshinohs.stock.ml.web.IndexControllerTest" time="0.054"/>
  <system-out><![CDATA[2022-03-12 14:51:08.796  INFO 85760 --- [    Test worker] .b.t.c.SpringBootTestContextBootstrapper : Neither @ContextConfiguration nor @ContextHierarchy found for test class [com.sshinohs.stock.ml.web.IndexControllerTest], using SpringBootContextLoader
2022-03-12 14:51:08.796  INFO 85760 --- [    Test worker] o.s.t.c.support.AbstractContextLoader    : Could not detect default resource locations for test class [com.sshinohs.stock.ml.web.IndexControllerTest]: no resource found for suffixes {-context.xml, Context.groovy}.
2022-03-12 14:51:08.797  INFO 85760 --- [    Test worker] t.c.s.AnnotationConfigContextLoaderUtils : Could not detect default configuration classes for test class [com.sshinohs.stock.ml.web.IndexControllerTest]: IndexControllerTest does not declare any static, non-private, non-final, nested classes annotated with @Configuration.
2022-03-12 14:51:08.799  INFO 85760 --- [    Test worker] .b.t.c.SpringBootTestContextBootstrapper : Found @SpringBootConfiguration com.sshinohs.stock.ml.Application for test class com.sshinohs.stock.ml.web.IndexControllerTest
2022-03-12 14:51:08.801  INFO 85760 --- [    Test worker] .b.t.c.SpringBootTestContextBootstrapper : Loaded default TestExecutionListener class names from location [META-INF/spring.factories]: [org.springframework.security.test.context.support.WithSecurityContextTestExecutionListener, org.springframework.security.test.context.support.ReactorContextTestExecutionListener, org.springframework.boot.test.autoconfigure.restdocs.RestDocsTestExecutionListener, org.springframework.boot.test.autoconfigure.web.client.MockRestServiceServerResetTestExecutionListener, org.springframework.boot.test.autoconfigure.web.servlet.MockMvcPrintOnlyOnFailureTestExecutionListener, org.springframework.boot.test.autoconfigure.web.servlet.WebDriverTestExecutionListener, org.springframework.boot.test.autoconfigure.webservices.client.MockWebServiceServerTestExecutionListener, org.springframework.boot.test.mock.mockito.MockitoTestExecutionListener, org.springframework.boot.test.mock.mockito.ResetMocksTestExecutionListener, org.springframework.test.context.web.ServletTestExecutionListener, org.springframework.test.context.support.DirtiesContextBeforeModesTestExecutionListener, org.springframework.test.context.support.DependencyInjectionTestExecutionListener, org.springframework.test.context.support.DirtiesContextTestExecutionListener, org.springframework.test.context.transaction.TransactionalTestExecutionListener, org.springframework.test.context.jdbc.SqlScriptsTestExecutionListener, org.springframework.test.context.event.EventPublishingTestExecutionListener]
2022-03-12 14:51:08.801  INFO 85760 --- [    Test worker] .b.t.c.SpringBootTestContextBootstrapper : Using TestExecutionListeners: [org.springframework.test.context.web.ServletTestExecutionListener@48931ad3, org.springframework.test.context.support.DirtiesContextBeforeModesTestExecutionListener@253b5107, org.springframework.boot.test.mock.mockito.MockitoTestExecutionListener@5025190b, org.springframework.boot.test.autoconfigure.SpringBootDependencyInjectionTestExecutionListener@55df4c67, org.springframework.test.context.support.DirtiesContextTestExecutionListener@5ca918d, org.springframework.test.context.transaction.TransactionalTestExecutionListener@7a865b5a, org.springframework.test.context.jdbc.SqlScriptsTestExecutionListener@213f840, org.springframework.security.test.context.support.WithSecurityContextTestExecutionListener@2d803011, org.springframework.test.context.event.EventPublishingTestExecutionListener@7c178ad5, org.springframework.security.test.context.support.ReactorContextTestExecutionListener@34034286, org.springframework.boot.test.autoconfigure.restdocs.RestDocsTestExecutionListener@294f7dbe, org.springframework.boot.test.autoconfigure.web.client.MockRestServiceServerResetTestExecutionListener@563c03e, org.springframework.boot.test.autoconfigure.web.servlet.MockMvcPrintOnlyOnFailureTestExecutionListener@4562a365, org.springframework.boot.test.autoconfigure.web.servlet.WebDriverTestExecutionListener@6bdbce3d, org.springframework.boot.test.autoconfigure.webservices.client.MockWebServiceServerTestExecutionListener@392bfc75, org.springframework.boot.test.mock.mockito.ResetMocksTestExecutionListener@2252b95e]
Hibernate: select posts0_.id as id1_0_, posts0_.created_date as created_2_0_, posts0_.modified_date as modified3_0_, posts0_.author as author4_0_, posts0_.content as content5_0_, posts0_.title as title6_0_ from posts posts0_ order by posts0_.id DESC
]]></system-out>
  <system-err><![CDATA[]]></system-err>
</testsuite>
